I, [2021-12-20T23:00:13.383077 #80364]  INFO -- : Registered expected interaction GET /todos
D, [2021-12-20T23:00:13.383325 #80364] DEBUG -- : {
  "description": "get all todos",
  "providerState": "todos exist",
  "request": {
    "method": "GET",
    "path": "/todos",
    "headers": {
      "Content-Type": {
        "json_class": "Pact::SomethingLike",
        "contents": "application/json; charset=utf-8"
      }
    }
  },
  "response": {
    "status": 200,
    "headers": {
      "Content-Type": "application/json; charset=utf-8"
    },
    "body": [

    ]
  },
  "metadata": null
}
I, [2021-12-20T23:00:13.393386 #80364]  INFO -- : Received request GET /todos
D, [2021-12-20T23:00:13.393585 #80364] DEBUG -- : {
  "path": "/todos",
  "query": "",
  "method": "get",
  "headers": {
    "Content-Type": "application/json; charset=utf-8",
    "Accept": "application/json, text/plain, */*",
    "User-Agent": "axios/0.24.0",
    "Host": "127.0.0.1:40239",
    "Connection": "close",
    "Version": "HTTP/1.1"
  }
}
I, [2021-12-20T23:00:13.393918 #80364]  INFO -- : Found matching response for GET /todos
D, [2021-12-20T23:00:13.394042 #80364] DEBUG -- : {
  "status": 200,
  "headers": {
    "Content-Type": "application/json; charset=utf-8"
  },
  "body": [

  ]
}
I, [2021-12-20T23:00:13.399681 #80364]  INFO -- : Verifying - interactions matched
I, [2021-12-20T23:00:13.403228 #80364]  INFO -- : Cleared interactions
I, [2021-12-20T23:00:13.411136 #80364]  INFO -- : Registered expected interaction POST /todos
D, [2021-12-20T23:00:13.411369 #80364] DEBUG -- : {
  "description": "Create Todo With Name NewTodo",
  "providerState": "todo with Name NewTodo not exists",
  "request": {
    "method": "POST",
    "path": "/todos",
    "headers": {
      "Content-Type": {
        "json_class": "Pact::SomethingLike",
        "contents": "application/json; charset=utf-8"
      }
    },
    "body": {
      "name": "newTodo"
    }
  },
  "response": {
    "status": 201,
    "headers": {
      "Content-Type": "application/json; charset=utf-8"
    },
    "body": {
      "id": {
        "json_class": "Pact::SomethingLike",
        "contents": 5
      },
      "name": "newTodo",
      "completed": false,
      "editable": false
    }
  },
  "metadata": null
}
I, [2021-12-20T23:00:13.416166 #80364]  INFO -- : Received request POST /todos
D, [2021-12-20T23:00:13.416429 #80364] DEBUG -- : {
  "path": "/todos",
  "query": "",
  "method": "post",
  "body": {
    "name": "newTodo"
  },
  "headers": {
    "Content-Length": "18",
    "Content-Type": "application/json; charset=utf-8",
    "Accept": "application/json, text/plain, */*",
    "User-Agent": "axios/0.24.0",
    "Host": "127.0.0.1:40239",
    "Connection": "close",
    "Version": "HTTP/1.1"
  }
}
I, [2021-12-20T23:00:13.416760 #80364]  INFO -- : Found matching response for POST /todos
D, [2021-12-20T23:00:13.416945 #80364] DEBUG -- : {
  "status": 201,
  "headers": {
    "Content-Type": "application/json; charset=utf-8"
  },
  "body": {
    "id": {
      "json_class": "Pact::SomethingLike",
      "contents": 5
    },
    "name": "newTodo",
    "completed": false,
    "editable": false
  }
}
I, [2021-12-20T23:00:13.422383 #80364]  INFO -- : Verifying - interactions matched
I, [2021-12-20T23:00:13.427568 #80364]  INFO -- : Cleared interactions
I, [2021-12-20T23:00:13.433010 #80364]  INFO -- : Writing pact for api to /home/nyks/Development/ui/pacts/ui-api.json
